#
# There is insufficient memory for the Java Runtime Environment to continue.
# Native memory allocation (mmap) failed to map 268435456 bytes for Failed to commit area from 0x0000000701600000 to 0x0000000711600000 of length 268435456.
# Possible reasons:
#   The system is out of physical RAM or swap space
#   The process is running with CompressedOops enabled, and the Java Heap may be blocking the growth of the native heap
# Possible solutions:
#   Reduce memory load on the system
#   Increase physical memory or swap space
#   Check if swap backing store is full
#   Decrease Java heap size (-Xmx/-Xms)
#   Decrease number of Java threads
#   Decrease Java thread stack sizes (-Xss)
#   Set larger code cache with -XX:ReservedCodeCacheSize=
# This output file may be truncated or incomplete.
#
#  Out of Memory Error (./src/hotspot/os/windows/os_windows.cpp:3619), pid=4368, tid=2784
#
# JRE version:  (11.0.13) (build )
# Java VM: OpenJDK 64-Bit Server VM (11.0.13+0-b1751.21-8125866, mixed mode, sharing, tiered, compressed oops, g1 gc, windows-amd64)
# No core dump will be written. Minidumps are not enabled by default on client versions of Windows
#

---------------  S U M M A R Y ------------

Command Line: git4idea.http.GitAskPassApp Username for 'https://github.com': 

Host: Intel(R) Core(TM) i7-4610M CPU @ 3.00GHz, 4 cores, 15G,  Windows 10 , 64 bit Build 19041 (10.0.19041.2546)
Time: Sun Mar 12 22:49:59 2023 Egypt Standard Time elapsed time: 0.022187 seconds (0d 0h 0m 0s)

---------------  T H R E A D  ---------------

Current thread (0x0000022d7101b000):  JavaThread "Unknown thread" [_thread_in_vm, id=2784, stack(0x00000087e7b00000,0x00000087e7c00000)]

Stack: [0x00000087e7b00000,0x00000087e7c00000]
Native frames: (J=compiled Java code, j=interpreted, Vv=VM code, C=native code)
V  [jvm.dll+0x6100fa]
V  [jvm.dll+0x747090]
V  [jvm.dll+0x7486ad]
V  [jvm.dll+0x748d83]
V  [jvm.dll+0x24ab48]
V  [jvm.dll+0x60d164]
V  [jvm.dll+0x601e75]
V  [jvm.dll+0x308bdb]
V  [jvm.dll+0x308b4a]
V  [jvm.dll+0x308a22]
V  [jvm.dll+0x30d986]
V  [jvm.dll+0x357093]
V  [jvm.dll+0x357796]
V  [jvm.dll+0x357193]
V  [jvm.dll+0x2e3448]
V  [jvm.dll+0x2e45f7]
V  [jvm.dll+0x7242e7]
V  [jvm.dll+0x725adc]
V  [jvm.dll+0x364629]
V  [jvm.dll+0x707cee]
V  [jvm.dll+0x3d2633]
V  [jvm.dll+0x3d4a21]
C  [jli.dll+0x536b]
C  [ucrtbase.dll+0x21bb2]
C  [KERNEL32.DLL+0x17614]
C  [ntdll.dll+0x526a1]


---------------  P R O C E S S  ---------------

Threads class SMR info:
_java_thread_list=0x0000022d6ef84de0, length=0, elements={
}

Java Threads: ( => current thread )

Other Threads:
  0x0000022d71034000 GCTaskThread "GC Thread#0" [stack: 0x00000087e7c00000,0x00000087e7d00000] [id=7724]
  0x0000022d7108f800 ConcurrentGCThread "G1 Main Marker" [stack: 0x00000087e7d00000,0x00000087e7e00000] [id=8356]
  0x0000022d71093000 ConcurrentGCThread "G1 Conc#0" [stack: 0x00000087e7e00000,0x00000087e7f00000] [id=5824]

[error occurred during error reporting (printing all threads), id 0xc0000005, EXCEPTION_ACCESS_VIOLATION (0xc0000005) at pc=0x00007ffec3123dd7]

VM state:not at safepoint (not fully initialized)

VM Mutex/Monitor currently owned by a thread:  ([mutex/lock_event])
[0x0000022d71017c00] Heap_lock - owner thread: 0x0000022d7101b000

Heap address: 0x0000000701600000, size: 4074 MB, Compressed Oops mode: Non-zero based: 0x0000000701600000
Narrow klass base: 0x0000000000000000, Narrow klass shift: 0

GC Heap History (0 events):
No events

Deoptimization events (0 events):
No events

Classes redefined (0 events):
No events

Internal exceptions (0 events):
No events

Events (1 events):
Event: 0.014 Loaded shared library C:\Program Files\Android\Android Studio2\jre\bin\zip.dll


Dynamic libraries:
0x00007ff6019d0000 - 0x00007ff6019da000 	C:\Program Files\Android\Android Studio2\jre\bin\java.exe
0x00007fff2ed70000 - 0x00007fff2ef68000 	C:\WINDOWS\SYSTEM32\ntdll.dll
0x00007fff2e000000 - 0x00007fff2e0bf000 	C:\WINDOWS\System32\KERNEL32.DLL
0x00007fff2c9c0000 - 0x00007fff2cc92000 	C:\WINDOWS\System32\KERNELBASE.dll
0x00007fff2c710000 - 0x00007fff2c810000 	C:\WINDOWS\System32\ucrtbase.dll
0x00007fff29ad0000 - 0x00007fff29ae9000 	C:\Program Files\Android\Android Studio2\jre\bin\jli.dll
0x00007fff2e3b0000 - 0x00007fff2e551000 	C:\WINDOWS\System32\USER32.dll
0x00007fff2c990000 - 0x00007fff2c9b2000 	C:\WINDOWS\System32\win32u.dll
0x00007fff2cdb0000 - 0x00007fff2cddb000 	C:\WINDOWS\System32\GDI32.dll
0x00007fff2cca0000 - 0x00007fff2cdaf000 	C:\WINDOWS\System32\gdi32full.dll
0x00007fff2c810000 - 0x00007fff2c8ad000 	C:\WINDOWS\System32\msvcp_win.dll
0x00007fff27da0000 - 0x00007fff27db7000 	C:\Program Files\Android\Android Studio2\jre\bin\VCRUNTIME140.dll
0x00007fff1d680000 - 0x00007fff1d91a000 	C:\WINDOWS\WinSxS\amd64_microsoft.windows.common-controls_6595b64144ccf1df_6.0.19041.1110_none_60b5254171f9507e\COMCTL32.dll
0x00007fff2e160000 - 0x00007fff2e1fe000 	C:\WINDOWS\System32\msvcrt.dll
0x00007fff2d090000 - 0x00007fff2d0c2000 	C:\WINDOWS\System32\IMM32.DLL
0x00007fff02f30000 - 0x00007fff02fcd000 	C:\Program Files\Android\Android Studio2\jre\bin\msvcp140.dll
0x00007ffec2e30000 - 0x00007ffec3932000 	C:\Program Files\Android\Android Studio2\jre\bin\server\jvm.dll
0x00007fff2dee0000 - 0x00007fff2df8e000 	C:\WINDOWS\System32\ADVAPI32.dll
0x00007fff2cf20000 - 0x00007fff2cfbc000 	C:\WINDOWS\System32\sechost.dll
0x00007fff2e200000 - 0x00007fff2e325000 	C:\WINDOWS\System32\RPCRT4.dll
0x00007fff2e150000 - 0x00007fff2e158000 	C:\WINDOWS\System32\PSAPI.DLL
0x00007ffeefd20000 - 0x00007ffeefd29000 	C:\WINDOWS\SYSTEM32\WSOCK32.dll
0x00007fff2dd40000 - 0x00007fff2ddab000 	C:\WINDOWS\System32\WS2_32.dll
0x00007fff1da00000 - 0x00007fff1da27000 	C:\WINDOWS\SYSTEM32\WINMM.dll
0x00007fff1b100000 - 0x00007fff1b10a000 	C:\WINDOWS\SYSTEM32\VERSION.dll
0x00007fff2a390000 - 0x00007fff2a3a2000 	C:\WINDOWS\SYSTEM32\kernel.appcore.dll
0x00007fff25e20000 - 0x00007fff25e31000 	C:\Program Files\Android\Android Studio2\jre\bin\verify.dll
0x00007fff1a280000 - 0x00007fff1a464000 	C:\WINDOWS\SYSTEM32\DBGHELP.DLL
0x00007fff1a0f0000 - 0x00007fff1a125000 	C:\WINDOWS\SYSTEM32\dbgcore.DLL
0x00007fff2c680000 - 0x00007fff2c702000 	C:\WINDOWS\System32\bcryptPrimitives.dll
0x00007fff25b20000 - 0x00007fff25b49000 	C:\Program Files\Android\Android Studio2\jre\bin\java.dll
0x00007fff27eb0000 - 0x00007fff27ebb000 	C:\Program Files\Android\Android Studio2\jre\bin\jimage.dll
0x00007fff254a0000 - 0x00007fff254b8000 	C:\Program Files\Android\Android Studio2\jre\bin\zip.dll

dbghelp: loaded successfully - version: 4.0.5 - missing functions: none
symbol engine: initialized successfully - sym options: 0x614 - pdb path: .;C:\Program Files\Android\Android Studio2\jre\bin;C:\WINDOWS\SYSTEM32;C:\WINDOWS\WinSxS\amd64_microsoft.windows.common-controls_6595b64144ccf1df_6.0.19041.1110_none_60b5254171f9507e;C:\Program Files\Android\Android Studio2\jre\bin\server

VM Arguments:
java_command: git4idea.http.GitAskPassApp Username for 'https://github.com': 
java_class_path (initial): C:/Program Files/Android/Android Studio2/plugins/git4idea/lib/git4idea-rt.jar;C:/Program Files/Android/Android Studio2/lib/3rd-party.jar;C:/Program Files/Android/Android Studio2/lib/3rd-party-rt.jar
Launcher Type: SUN_STANDARD

[Global flags]
     intx CICompilerCount                          = 3                                         {product} {ergonomic}
     uint ConcGCThreads                            = 1                                         {product} {ergonomic}
     uint G1ConcRefinementThreads                  = 4                                         {product} {ergonomic}
   size_t G1HeapRegionSize                         = 1048576                                   {product} {ergonomic}
    uintx GCDrainStackTargetSize                   = 64                                        {product} {ergonomic}
   size_t InitialHeapSize                          = 268435456                                 {product} {ergonomic}
   size_t MarkStackSize                            = 4194304                                   {product} {ergonomic}
   size_t MaxHeapSize                              = 4271898624                                {product} {ergonomic}
   size_t MinHeapDeltaBytes                        = 1048576                                   {product} {ergonomic}
    uintx NonNMethodCodeHeapSize                   = 5830732                                {pd product} {ergonomic}
    uintx NonProfiledCodeHeapSize                  = 122913754                              {pd product} {ergonomic}
    uintx ProfiledCodeHeapSize                     = 122913754                              {pd product} {ergonomic}
    uintx ReservedCodeCacheSize                    = 251658240                              {pd product} {ergonomic}
     bool SegmentedCodeCache                       = true                                      {product} {ergonomic}
     bool UseCompressedClassPointers               = true                                 {lp64_product} {ergonomic}
     bool UseCompressedOops                        = true                                 {lp64_product} {ergonomic}
     bool UseG1GC                                  = true                                      {product} {ergonomic}
     bool UseLargePagesIndividualAllocation        = false                                  {pd product} {ergonomic}

Logging:
Log output configuration:
 #0: stdout all=warning uptime,level,tags
 #1: stderr all=off uptime,level,tags

Environment Variables:
JAVA_HOME=C:\Program Files\Java\jdk1.8.0_221
PATH=C:\Program Files\Git\mingw64\libexec\git-core;C:\Program Files\Git\mingw64\libexec\git-core;C:\Program Files\Git\mingw64\bin;C:\Program Files\Git\usr\bin;C:\Users\NUMBER 1\bin;C:\Program Files (x86)\Common Files\Oracle\Java\javapath;C:\WINDOWS\system32;C:\WINDOWS;C:\WINDOWS\System32\Wbem;C:\WINDOWS\System32\WindowsPowerShell\v1.0;C:\Program Files (x86)\ATI Technologies\ATI.ACE\Core-Static;C:\WINDOWS\System32\OpenSSH;C:\Program Files (x86)\Windows Kits\10\Windows Performance Toolkit;C:\Program Files\Java\jdk1.8.0_221\bin;C:\Program Files\dotnet;C:\Program Files\Git\cmd;C:\src\flutter\bin;C:\Program Files\Android\Android Studio\jre\jre;C:\Users\NUMBER 1\AppData\Local\Programs\Python\Python39;C:\Program Files\kotlinc\bin;C:\Program Files\MySQL\MySQL Shell 8.0\bin;C:\src\flutter\bin;C:\Users\NUMBER 1\AppData\Local\Microsoft\WindowsApps;C:\Program Files\Android\Android Studio\jre\jre;C:\xampp\php;C:\Program Files\JetBrains\IntelliJ IDEA Community Edition 2022.2.3\bin
USERNAME=«··Â„ ’· ⁄·Ï „Õ„œ
DISPLAY=:0.0
LC_ALL=en_US.UTF-8
OS=Windows_NT
PROCESSOR_IDENTIFIER=Intel64 Family 6 Model 60 Stepping 3, GenuineIntel



---------------  S Y S T E M  ---------------

OS: Windows 10 , 64 bit Build 19041 (10.0.19041.2546)
OS uptime: 4 days 6:26 hours

CPU:total 4 (initial active 4) (2 cores per cpu, 2 threads per core) family 6 model 60 stepping 3 microcode 0x27, cmov, cx8, fxsr, mmx, sse, sse2, sse3, ssse3, sse4.1, sse4.2, popcnt, avx, avx2, aes, clmul, erms, lzcnt, ht, tsc, tscinvbit, bmi1, bmi2, fma

Memory: 4k page, system-wide physical 16289M (3325M free)
TotalPageFile size 19221M (AvailPageFile size 255M)
current process WorkingSet (physical memory assigned to process): 10M, peak: 10M
current process commit charge ("private bytes"): 52M, peak: 307M

vm_info: OpenJDK 64-Bit Server VM (11.0.13+0-b1751.21-8125866) for windows-amd64 JRE (11.0.13+0-b1751.21-8125866), built on Feb  2 2022 03:00:22 by "builder" with MS VC++ 14.0 (VS2015)

END.
